<?xml version="1.0" encoding="UTF-8"?>
<testng-results ignored="0" total="1" passed="1" failed="0" skipped="0">
  <reporter-output>
  </reporter-output>
  <suite started-at="2021-02-20T08:47:36 IST" name="Default suite" finished-at="2021-02-20T08:48:04 IST" duration-ms="27703">
    <groups>
    </groups>
    <test started-at="2021-02-20T08:47:36 IST" name="Default test" finished-at="2021-02-20T08:48:04 IST" duration-ms="27703">
      <class name="testCases.SearchForKeyword_TC2">
        <test-method is-config="true" signature="initiateDriverInstance()[pri:0, instance:testCases.SearchForKeyword_TC2@366647c2]" started-at="2021-02-20T08:47:36 IST" name="initiateDriverInstance" finished-at="2021-02-20T08:47:54 IST" duration-ms="17677" status="PASS">
          <reporter-output>
          </reporter-output>
        </test-method> <!-- initiateDriverInstance -->
        <test-method signature="searchForKeyword(java.lang.String)[pri:0, instance:testCases.SearchForKeyword_TC2@366647c2]" started-at="2021-02-20T08:47:55 IST" name="searchForKeyword" data-provider="search" finished-at="2021-02-20T08:48:02 IST" duration-ms="6801" status="PASS">
          <params>
            <param index="0">
              <value>
                <![CDATA[Dresses]]>
              </value>
            </param>
          </params>
          <reporter-output>
          </reporter-output>
        </test-method> <!-- searchForKeyword -->
        <test-method is-config="true" signature="closeDriverInstance(org.testng.ITestResult)[pri:0, instance:testCases.SearchForKeyword_TC2@366647c2]" started-at="2021-02-20T08:48:02 IST" name="closeDriverInstance" finished-at="2021-02-20T08:48:04 IST" duration-ms="1643" status="PASS">
          <params>
            <param index="0">
              <value>
                <![CDATA[[TestResult name=searchForKeyword status=SUCCESS method=SearchForKeyword_TC2.searchForKeyword(java.lang.String)[pri:0, instance:testCases.SearchForKeyword_TC2@366647c2] output={null}]]]>
              </value>
            </param>
          </params>
          <reporter-output>
          </reporter-output>
        </test-method> <!-- closeDriverInstance -->
      </class> <!-- testCases.SearchForKeyword_TC2 -->
    </test> <!-- Default test -->
  </suite> <!-- Default suite -->
</testng-results>
